timestamp: 2014-10-02T12:29:37.531309
CREATE TABLE auth_user(
    id SERIAL PRIMARY KEY,
    first_name VARCHAR(128),
    last_name VARCHAR(128),
    email VARCHAR(512),
    username VARCHAR(128),
    password VARCHAR(512),
    registration_key VARCHAR(512),
    reset_password_key VARCHAR(512),
    registration_id VARCHAR(512)
);
timestamp: 2014-10-02T12:30:40.600144
CREATE TABLE auth_user(
    id SERIAL PRIMARY KEY,
    first_name VARCHAR(128),
    last_name VARCHAR(128),
    email VARCHAR(512),
    username VARCHAR(128),
    password VARCHAR(512),
    registration_key VARCHAR(512),
    reset_password_key VARCHAR(512),
    registration_id VARCHAR(512)
);
faked!
timestamp: 2014-10-02T12:30:40.601225
CREATE TABLE auth_group(
    id SERIAL PRIMARY KEY,
    role VARCHAR(512),
    description TEXT
);
faked!
timestamp: 2014-10-02T12:30:40.602167
CREATE TABLE auth_membership(
    id SERIAL PRIMARY KEY,
    user_id INTEGER REFERENCES auth_user (id) ON DELETE CASCADE,
    group_id INTEGER REFERENCES auth_group (id) ON DELETE CASCADE
);
faked!
timestamp: 2014-10-02T12:30:40.604123
CREATE TABLE auth_event(
    id SERIAL PRIMARY KEY,
    time_stamp TIMESTAMP,
    client_ip VARCHAR(512),
    user_id INTEGER REFERENCES auth_user (id) ON DELETE CASCADE,
    origin VARCHAR(512),
    description TEXT
);
faked!
timestamp: 2014-10-02T12:30:40.605164
CREATE TABLE auth_cas(
    id SERIAL PRIMARY KEY,
    user_id INTEGER REFERENCES auth_user (id) ON DELETE CASCADE,
    created_on TIMESTAMP,
    service VARCHAR(512),
    ticket VARCHAR(512),
    renew CHAR(1)
);
faked!
timestamp: 2014-10-02T12:30:40.606224
CREATE TABLE api_request_type(
    id SERIAL PRIMARY KEY,
    group_id INTEGER REFERENCES auth_group (id) ON DELETE CASCADE,
    max_requests INTEGER,
    max_entries INTEGER
);
faked!
timestamp: 2014-10-02T12:30:40.607150
CREATE TABLE api_auth(
    id SERIAL PRIMARY KEY,
    auth_key VARCHAR(512),
    user_id INTEGER REFERENCES auth_user (id) ON DELETE CASCADE,
    dt_creation TIMESTAMP,
    active CHAR(1)
);
faked!
timestamp: 2014-10-02T12:30:40.608144
CREATE TABLE api_request(
    id SERIAL PRIMARY KEY,
    type_id INTEGER REFERENCES api_request_type (id) ON DELETE CASCADE,
    dt_request TIMESTAMP,
    url VARCHAR(512),
    auth_key INTEGER REFERENCES api_auth (id) ON DELETE CASCADE,
    ip VARCHAR(512)
);
faked!
timestamp: 2014-10-02T12:31:28.672358
CREATE TABLE auth_permission(
    id SERIAL PRIMARY KEY,
    group_id INTEGER REFERENCES auth_group (id) ON DELETE CASCADE,
    name VARCHAR(512),
    table_name VARCHAR(512),
    record_id INTEGER
);
timestamp: 2014-10-02T12:31:29.668709
CREATE TABLE auth_permission(
    id SERIAL PRIMARY KEY,
    group_id INTEGER REFERENCES auth_group (id) ON DELETE CASCADE,
    name VARCHAR(512),
    table_name VARCHAR(512),
    record_id INTEGER
);
timestamp: 2014-10-02T12:31:55.449897
CREATE TABLE auth_permission(
    id SERIAL PRIMARY KEY,
    group_id INTEGER REFERENCES auth_group (id) ON DELETE CASCADE,
    name VARCHAR(512),
    table_name VARCHAR(512),
    record_id INTEGER
);
faked!
timestamp: 2014-10-02T12:31:55.455605
CREATE TABLE api_methods(
    id SERIAL PRIMARY KEY,
    method VARCHAR(512)
);
faked!
timestamp: 2014-10-02T12:32:19.343140
CREATE TABLE api_methods(
    id SERIAL PRIMARY KEY,
    method VARCHAR(512)
);
success!
timestamp: 2014-10-02T12:32:19.353608
CREATE TABLE api_group_restrictions(
    id SERIAL PRIMARY KEY,
    table_name VARCHAR(512),
    column_name VARCHAR(512),
    http_method INTEGER REFERENCES api_methods (id) ON DELETE CASCADE,
    all_columns CHAR(1),
    group_id INTEGER REFERENCES auth_group (id) ON DELETE CASCADE
);
success!
timestamp: 2014-10-02T12:35:53.641406
CREATE TABLE api_group_permissions(
    id SERIAL PRIMARY KEY,
    table_name VARCHAR(512),
    column_name VARCHAR(512),
    http_method INTEGER REFERENCES api_methods (id) ON DELETE CASCADE,
    all_columns CHAR(1),
    group_id INTEGER REFERENCES auth_group (id) ON DELETE CASCADE
);
success!
timestamp: 2014-10-02T12:38:00.302690
ALTER TABLE api_methods ADD http_method VARCHAR(512);
timestamp: 2014-10-02T12:38:00.305009
ALTER TABLE api_methods DROP COLUMN method;
success!
timestamp: 2014-10-02T12:59:21.827368
ALTER TABLE api_group_permissions ADD unique_validator VARCHAR(512) UNIQUE;
success!
